{
  "stats": {
    "suites": 1,
    "tests": 3,
    "passes": 3,
    "pending": 0,
    "failures": 0,
    "start": "2024-04-01T12:09:19.238Z",
    "end": "2024-04-01T12:09:19.915Z",
    "duration": 677,
    "testsRegistered": 3,
    "passPercent": 100,
    "pendingPercent": 0,
    "other": 0,
    "hasOther": false,
    "skipped": 0,
    "hasSkipped": false
  },
  "results": [
    {
      "uuid": "9d2cf659-6265-44d5-80c2-682c3801f601",
      "title": "",
      "fullFile": "cypress\\e2e\\TestAutomation\\test.cy.js",
      "file": "cypress\\e2e\\TestAutomation\\test.cy.js",
      "beforeHooks": [],
      "afterHooks": [],
      "tests": [],
      "suites": [
        {
          "uuid": "ae8af51d-5cc6-426c-9a0c-b362aed42cf3",
          "title": "test",
          "fullFile": "",
          "file": "",
          "beforeHooks": [],
          "afterHooks": [],
          "tests": [
            {
              "title": "Test-1",
              "fullTitle": "test Test-1",
              "timedOut": null,
              "duration": 476,
              "state": "passed",
              "speed": "fast",
              "pass": true,
              "fail": false,
              "pending": false,
              "context": null,
              "code": "cy.log('First Test block');\ncy.log(this.data.name);",
              "err": {},
              "uuid": "0b12a333-a78c-4e07-9ac1-66d7a09f7c93",
              "parentUUID": "ae8af51d-5cc6-426c-9a0c-b362aed42cf3",
              "isHook": false,
              "skipped": false
            },
            {
              "title": "Test-2",
              "fullTitle": "test Test-2",
              "timedOut": null,
              "duration": 26,
              "state": "passed",
              "speed": "fast",
              "pass": true,
              "fail": false,
              "pending": false,
              "context": null,
              "code": "cy.log('Second Test block');",
              "err": {},
              "uuid": "bfbb8a0b-f17c-4ad2-b88d-8255bea9075c",
              "parentUUID": "ae8af51d-5cc6-426c-9a0c-b362aed42cf3",
              "isHook": false,
              "skipped": false
            },
            {
              "title": "Test-3",
              "fullTitle": "test Test-3",
              "timedOut": null,
              "duration": 30,
              "state": "passed",
              "speed": "fast",
              "pass": true,
              "fail": false,
              "pending": false,
              "context": null,
              "code": "cy.log(this.data.email);",
              "err": {},
              "uuid": "b7db2639-1c80-49f8-aeed-df12893c0aa3",
              "parentUUID": "ae8af51d-5cc6-426c-9a0c-b362aed42cf3",
              "isHook": false,
              "skipped": false
            }
          ],
          "suites": [],
          "passes": [
            "0b12a333-a78c-4e07-9ac1-66d7a09f7c93",
            "bfbb8a0b-f17c-4ad2-b88d-8255bea9075c",
            "b7db2639-1c80-49f8-aeed-df12893c0aa3"
          ],
          "failures": [],
          "pending": [],
          "skipped": [],
          "duration": 532,
          "root": false,
          "rootEmpty": false,
          "_timeout": 2000
        }
      ],
      "passes": [],
      "failures": [],
      "pending": [],
      "skipped": [],
      "duration": 0,
      "root": true,
      "rootEmpty": true,
      "_timeout": 2000
    }
  ],
  "meta": {
    "mocha": {
      "version": "7.0.1"
    },
    "mochawesome": {
      "options": {
        "quiet": false,
        "reportFilename": "mochawesome",
        "saveHtml": true,
        "saveJson": true,
        "consoleReporter": "spec",
        "useInlineDiffs": false,
        "code": true
      },
      "version": "7.1.3"
    },
    "marge": {
      "options": null,
      "version": "6.2.0"
    }
  }
}